<?xml version="1.0" encoding="UTF-8"?>
<!-- Generated by org.testng.reporters.JUnitReportReporter -->
<testsuite hostname="LTIN262643" failures="0" tests="24" name="TestCases.TC006_HealthInsuranceNewTest" time="215.577" errors="0" timestamp="2024-02-08T17:30:23 IST" skipped="0">
  <testcase classname="TestCases.TC006_HealthInsuranceNewTest" name="test1" time="5.655"/>
  <testcase classname="TestCases.TC006_HealthInsuranceNewTest" name="test1" time="5.748"/>
  <testcase classname="TestCases.TC006_HealthInsuranceNewTest" name="test2" time="2.589"/>
  <testcase classname="TestCases.TC006_HealthInsuranceNewTest" name="test2" time="3.093"/>
  <testcase classname="TestCases.TC006_HealthInsuranceNewTest" name="test3" time="0.214"/>
  <testcase classname="TestCases.TC006_HealthInsuranceNewTest" name="test3" time="0.204"/>
  <testcase classname="TestCases.TC006_HealthInsuranceNewTest" name="test4" time="5.329"/>
  <testcase classname="TestCases.TC006_HealthInsuranceNewTest" name="test4" time="5.671"/>
  <testcase classname="TestCases.TC006_HealthInsuranceNewTest" name="test5" time="4.737"/>
  <testcase classname="TestCases.TC006_HealthInsuranceNewTest" name="test5" time="3.460"/>
  <testcase classname="TestCases.TC006_HealthInsuranceNewTest" name="test6" time="0.438"/>
  <testcase classname="TestCases.TC006_HealthInsuranceNewTest" name="test6" time="0.238"/>
  <testcase classname="TestCases.TC006_HealthInsuranceNewTest" name="test7" time="1.295"/>
  <testcase classname="TestCases.TC006_HealthInsuranceNewTest" name="test7" time="1.270"/>
  <testcase classname="TestCases.TC006_HealthInsuranceNewTest" name="test8" time="33.032"/>
  <testcase classname="TestCases.TC006_HealthInsuranceNewTest" name="test8" time="32.671"/>
  <testcase classname="TestCases.TC006_HealthInsuranceNewTest" name="test9" time="4.315"/>
  <testcase classname="TestCases.TC006_HealthInsuranceNewTest" name="test9" time="34.719"/>
  <testcase classname="TestCases.TC006_HealthInsuranceNewTest" name="test10" time="12.430"/>
  <testcase classname="TestCases.TC006_HealthInsuranceNewTest" name="test10" time="12.487"/>
  <testcase classname="TestCases.TC006_HealthInsuranceNewTest" name="test11" time="19.645"/>
  <testcase classname="TestCases.TC006_HealthInsuranceNewTest" name="test11" time="12.779"/>
  <testcase classname="TestCases.TC006_HealthInsuranceNewTest" name="test12" time="6.986"/>
  <testcase classname="TestCases.TC006_HealthInsuranceNewTest" name="test12" time="6.572"/>
</testsuite> <!-- TestCases.TC006_HealthInsuranceNewTest -->
